<?xml version="1.0" encoding="UTF-8"?>
<!-- Generated by org.testng.reporters.JUnitReportReporter -->
<testsuite hostname="nandakishorb-mbp.local" failures="0" tests="5" name="test.Automation_Test.YourLogoApplicationTests" time="11.994" errors="0" timestamp="2020-01-12T12:32:43 IST" skipped="4">
  <testcase classname="test.Automation_Test.YourLogoApplicationTests" name="VerifyLogin" time="11.994"/>
  <testcase classname="test.Automation_Test.YourLogoApplicationTests" name="addProductToCartAndVerify">
    <skipped/>
  </testcase> <!-- addProductToCartAndVerify -->
  <testcase classname="test.Automation_Test.YourLogoApplicationTests" name="downloadInvoiceAndVerify">
    <skipped/>
  </testcase> <!-- downloadInvoiceAndVerify -->
  <testcase classname="test.Automation_Test.YourLogoApplicationTests" name="VerifyNewlyCreatedUserCanLogin">
    <skipped/>
  </testcase> <!-- VerifyNewlyCreatedUserCanLogin -->
  <testcase classname="test.Automation_Test.YourLogoApplicationTests" name="VerifyTheSearchResults">
    <skipped/>
  </testcase> <!-- VerifyTheSearchResults -->
</testsuite> <!-- test.Automation_Test.YourLogoApplicationTests -->
