<?xml version="1.0" encoding="UTF-8"?>
<!-- Generated by org.testng.reporters.JUnitReportReporter -->
<testsuite skipped="0" hostname="OB-31" name="MDM.Automation_Test.LoginTest" tests="4" failures="0" timestamp="10 Nov 2019 04:43:57 GMT" time="59.307" errors="0">
  <testcase name="VerifyNewlyCreatedUserCanLogin" time="12.554" classname="MDM.Automation_Test.LoginTest"/>
  <testcase name="downloadInvoiceAndVerify" time="3.902" classname="MDM.Automation_Test.LoginTest"/>
  <testcase name="VerifyTheSearchResults" time="2.589" classname="MDM.Automation_Test.LoginTest"/>
  <testcase name="addProductToCartAndVerify" time="40.262" classname="MDM.Automation_Test.LoginTest"/>
</testsuite> <!-- MDM.Automation_Test.LoginTest -->
